\BOOKMARK [0][-]{chapter.1}{\376\377\000G\000e\000t\000t\000i\000n\000g\000\040\000S\000t\000a\000r\000t\000e\000d}{}% 1
\BOOKMARK [0][-]{chapter.2}{\376\377\000G\000e\000t\000t\000i\000n\000g\000\040\000S\000t\000a\000r\000t\000e\000d\000\040\000G\000u\000i\000d\000e}{}% 2
\BOOKMARK [0][-]{chapter.3}{\376\377\000E\000d\000i\000t\000o\000r\000\040\000W\000i\000n\000d\000o\000w\000s}{}% 3
\BOOKMARK [0][-]{chapter.4}{\376\377\000A\000v\000a\000i\000l\000a\000b\000l\000e\000\040\000E\000d\000i\000t\000o\000r\000s}{}% 4
\BOOKMARK [0][-]{chapter.5}{\376\377\000A\000d\000d\000i\000t\000i\000o\000n\000a\000l\000\040\000E\000d\000i\000t\000o\000r\000s}{}% 5
\BOOKMARK [0][-]{chapter.6}{\376\377\000A\000v\000a\000i\000l\000a\000b\000l\000e\000\040\000E\000d\000i\000t\000o\000r\000s}{}% 6
\BOOKMARK [0][-]{chapter.7}{\376\377\000P\000l\000a\000y\000i\000n\000g\000\040\000M\000I\000D\000I\000\040\000F\000i\000l\000e\000s}{}% 7
\BOOKMARK [0][-]{chapter.8}{\376\377\000O\000v\000e\000r\000v\000i\000e\000w}{}% 8
\BOOKMARK [0][-]{chapter.9}{\376\377\000T\000y\000p\000i\000c\000a\000l\000\040\000W\000o\000r\000k\000f\000l\000o\000w}{}% 9
\BOOKMARK [0][-]{chapter.10}{\376\377\000S\000o\000u\000n\000d\000F\000o\000n\000t\000\040\000P\000l\000a\000y\000b\000a\000c\000k}{}% 10
\BOOKMARK [0][-]{chapter.11}{\376\377\000A\000v\000a\000i\000l\000a\000b\000l\000e\000\040\000T\000o\000o\000l\000s}{}% 11
\BOOKMARK [0][-]{chapter.12}{\376\377\000T\000r\000o\000u\000b\000l\000e\000s\000h\000o\000o\000t\000i\000n\000g}{}% 12
\BOOKMARK [0][-]{chapter.13}{\376\377\000T\000r\000o\000u\000b\000l\000e\000s\000h\000o\000o\000t\000i\000n\000g}{}% 13
\BOOKMARK [0][-]{chapter.14}{\376\377\000L\000e\000g\000a\000l\000\040\000D\000i\000s\000c\000l\000a\000i\000m\000e\000r}{}% 14
\BOOKMARK [0][-]{chapter.15}{\376\377\000j\000d\000x\000i\000\137\000e\000d\000i\000t\000o\000r}{}% 15
\BOOKMARK [1][-]{section.15.1}{\376\377\000j\000d\000x\000i\000\137\000e\000d\000i\000t\000o\000r\000\040\000p\000a\000c\000k\000a\000g\000e}{chapter.15}% 16
\BOOKMARK [2][-]{subsection.15.1.1}{\376\377\000S\000u\000b\000p\000a\000c\000k\000a\000g\000e\000s}{section.15.1}% 17
\BOOKMARK [3][-]{subsubsection*.3}{\376\377\000j\000d\000x\000i\000\137\000e\000d\000i\000t\000o\000r\000.\000j\000d\000x\000i\000\040\000p\000a\000c\000k\000a\000g\000e}{subsection.15.1.1}% 18
\BOOKMARK [4][-]{paragraph*.4}{\376\377\000S\000u\000b\000p\000a\000c\000k\000a\000g\000e\000s}{subsubsection*.3}% 19
\BOOKMARK [5][-]{subparagraph*.5}{\376\377\000j\000d\000x\000i\000\137\000e\000d\000i\000t\000o\000r\000.\000j\000d\000x\000i\000.\000f\000i\000l\000e\000\040\000p\000a\000c\000k\000a\000g\000e}{paragraph*.4}% 20
\BOOKMARK [5][-]{subparagraph*.6}{\376\377\000S\000u\000b\000m\000o\000d\000u\000l\000e\000s}{paragraph*.4}% 21
\BOOKMARK [5][-]{subparagraph*.7}{\376\377\000j\000d\000x\000i\000\137\000e\000d\000i\000t\000o\000r\000.\000j\000d\000x\000i\000.\000f\000i\000l\000e\000.\000u\000t\000i\000l\000s\000\040\000m\000o\000d\000u\000l\000e}{paragraph*.4}% 22
\BOOKMARK [5][-]{subparagraph*.8}{\376\377\000M\000o\000d\000u\000l\000e\000\040\000c\000o\000n\000t\000e\000n\000t\000s}{paragraph*.4}% 23
\BOOKMARK [5][-]{subparagraph*.9}{\376\377\000j\000d\000x\000i\000\137\000e\000d\000i\000t\000o\000r\000.\000j\000d\000x\000i\000.\000m\000i\000d\000i\000\040\000p\000a\000c\000k\000a\000g\000e}{paragraph*.4}% 24
\BOOKMARK [5][-]{subparagraph*.10}{\376\377\000S\000u\000b\000m\000o\000d\000u\000l\000e\000s}{paragraph*.4}% 25
\BOOKMARK [5][-]{subparagraph*.11}{\376\377\000j\000d\000x\000i\000\137\000e\000d\000i\000t\000o\000r\000.\000j\000d\000x\000i\000.\000m\000i\000d\000i\000.\000c\000o\000n\000s\000t\000a\000n\000t\000\040\000m\000o\000d\000u\000l\000e}{paragraph*.4}% 26
\BOOKMARK [5][-]{subparagraph*.12}{\376\377\000M\000o\000d\000u\000l\000e\000\040\000c\000o\000n\000t\000e\000n\000t\000s}{paragraph*.4}% 27
\BOOKMARK [5][-]{subparagraph*.13}{\376\377\000j\000d\000x\000i\000\137\000e\000d\000i\000t\000o\000r\000.\000j\000d\000x\000i\000.\000p\000r\000e\000s\000e\000t\000\040\000p\000a\000c\000k\000a\000g\000e}{paragraph*.4}% 28
\BOOKMARK [5][-]{subparagraph*.14}{\376\377\000S\000u\000b\000m\000o\000d\000u\000l\000e\000s}{paragraph*.4}% 29
\BOOKMARK [5][-]{subparagraph*.15}{\376\377\000j\000d\000x\000i\000\137\000e\000d\000i\000t\000o\000r\000.\000j\000d\000x\000i\000.\000p\000r\000e\000s\000e\000t\000.\000b\000u\000t\000t\000o\000n\000\040\000m\000o\000d\000u\000l\000e}{paragraph*.4}% 30
\BOOKMARK [5][-]{subparagraph*.16}{\376\377\000j\000d\000x\000i\000\137\000e\000d\000i\000t\000o\000r\000.\000j\000d\000x\000i\000.\000p\000r\000e\000s\000e\000t\000.\000d\000a\000t\000a\000\040\000m\000o\000d\000u\000l\000e}{paragraph*.4}% 31
\BOOKMARK [5][-]{subparagraph*.17}{\376\377\000j\000d\000x\000i\000\137\000e\000d\000i\000t\000o\000r\000.\000j\000d\000x\000i\000.\000p\000r\000e\000s\000e\000t\000.\000h\000e\000l\000p\000e\000r\000\040\000m\000o\000d\000u\000l\000e}{paragraph*.4}% 32
\BOOKMARK [5][-]{subparagraph*.18}{\376\377\000j\000d\000x\000i\000\137\000e\000d\000i\000t\000o\000r\000.\000j\000d\000x\000i\000.\000p\000r\000e\000s\000e\000t\000.\000i\000n\000c\000o\000m\000i\000n\000g\000\137\000d\000a\000t\000a\000\040\000m\000o\000d\000u\000l\000e}{paragraph*.4}% 33
\BOOKMARK [5][-]{subparagraph*.19}{\376\377\000j\000d\000x\000i\000\137\000e\000d\000i\000t\000o\000r\000.\000j\000d\000x\000i\000.\000p\000r\000e\000s\000e\000t\000.\000l\000i\000s\000t\000s\000\040\000m\000o\000d\000u\000l\000e}{paragraph*.4}% 34
\BOOKMARK [5][-]{subparagraph*.20}{\376\377\000j\000d\000x\000i\000\137\000e\000d\000i\000t\000o\000r\000.\000j\000d\000x\000i\000.\000p\000r\000e\000s\000e\000t\000.\000m\000a\000n\000a\000g\000e\000r\000\040\000m\000o\000d\000u\000l\000e}{paragraph*.4}% 35
\BOOKMARK [5][-]{subparagraph*.21}{\376\377\000j\000d\000x\000i\000\137\000e\000d\000i\000t\000o\000r\000.\000j\000d\000x\000i\000.\000p\000r\000e\000s\000e\000t\000.\000s\000a\000v\000e\000\040\000m\000o\000d\000u\000l\000e}{paragraph*.4}% 36
\BOOKMARK [5][-]{subparagraph*.22}{\376\377\000j\000d\000x\000i\000\137\000e\000d\000i\000t\000o\000r\000.\000j\000d\000x\000i\000.\000p\000r\000e\000s\000e\000t\000.\000u\000t\000i\000l\000s\000\040\000m\000o\000d\000u\000l\000e}{paragraph*.4}% 37
\BOOKMARK [5][-]{subparagraph*.23}{\376\377\000M\000o\000d\000u\000l\000e\000\040\000c\000o\000n\000t\000e\000n\000t\000s}{paragraph*.4}% 38
\BOOKMARK [5][-]{subparagraph*.24}{\376\377\000j\000d\000x\000i\000\137\000e\000d\000i\000t\000o\000r\000.\000j\000d\000x\000i\000.\000p\000r\000o\000g\000r\000a\000m\000\040\000p\000a\000c\000k\000a\000g\000e}{paragraph*.4}% 39
\BOOKMARK [5][-]{subparagraph*.25}{\376\377\000S\000u\000b\000m\000o\000d\000u\000l\000e\000s}{paragraph*.4}% 40
\BOOKMARK [5][-]{subparagraph*.26}{\376\377\000j\000d\000x\000i\000\137\000e\000d\000i\000t\000o\000r\000.\000j\000d\000x\000i\000.\000p\000r\000o\000g\000r\000a\000m\000.\000p\000r\000o\000g\000r\000a\000m\000\040\000m\000o\000d\000u\000l\000e}{paragraph*.4}% 41
\BOOKMARK [5][-]{subparagraph*.27}{\376\377\000M\000o\000d\000u\000l\000e\000\040\000c\000o\000n\000t\000e\000n\000t\000s}{paragraph*.4}% 42
\BOOKMARK [5][-]{subparagraph*.28}{\376\377\000j\000d\000x\000i\000\137\000e\000d\000i\000t\000o\000r\000.\000j\000d\000x\000i\000.\000s\000t\000y\000l\000e\000\040\000p\000a\000c\000k\000a\000g\000e}{paragraph*.4}% 43
\BOOKMARK [5][-]{subparagraph*.29}{\376\377\000S\000u\000b\000m\000o\000d\000u\000l\000e\000s}{paragraph*.4}% 44
\BOOKMARK [5][-]{subparagraph*.30}{\376\377\000j\000d\000x\000i\000\137\000e\000d\000i\000t\000o\000r\000.\000j\000d\000x\000i\000.\000s\000t\000y\000l\000e\000.\000f\000a\000c\000t\000o\000r\000y\000\040\000m\000o\000d\000u\000l\000e}{paragraph*.4}% 45
\BOOKMARK [5][-]{subparagraph*.31}{\376\377\000j\000d\000x\000i\000\137\000e\000d\000i\000t\000o\000r\000.\000j\000d\000x\000i\000.\000s\000t\000y\000l\000e\000.\000j\000d\000x\000i\000\040\000m\000o\000d\000u\000l\000e}{paragraph*.4}% 46
\BOOKMARK [5][-]{subparagraph*.32}{\376\377\000M\000o\000d\000u\000l\000e\000\040\000c\000o\000n\000t\000e\000n\000t\000s}{paragraph*.4}% 47
\BOOKMARK [5][-]{subparagraph*.33}{\376\377\000j\000d\000x\000i\000\137\000e\000d\000i\000t\000o\000r\000.\000j\000d\000x\000i\000.\000s\000y\000n\000t\000h\000\040\000p\000a\000c\000k\000a\000g\000e}{paragraph*.4}% 48
\BOOKMARK [5][-]{subparagraph*.34}{\376\377\000S\000u\000b\000m\000o\000d\000u\000l\000e\000s}{paragraph*.4}% 49
\BOOKMARK [5][-]{subparagraph*.35}{\376\377\000j\000d\000x\000i\000\137\000e\000d\000i\000t\000o\000r\000.\000j\000d\000x\000i\000.\000s\000y\000n\000t\000h\000.\000a\000n\000a\000l\000o\000g\000\040\000m\000o\000d\000u\000l\000e}{paragraph*.4}% 50
\BOOKMARK [5][-]{subparagraph*.36}{\376\377\000j\000d\000x\000i\000\137\000e\000d\000i\000t\000o\000r\000.\000j\000d\000x\000i\000.\000s\000y\000n\000t\000h\000.\000d\000a\000t\000a\000\040\000m\000o\000d\000u\000l\000e}{paragraph*.4}% 51
\BOOKMARK [5][-]{subparagraph*.37}{\376\377\000j\000d\000x\000i\000\137\000e\000d\000i\000t\000o\000r\000.\000j\000d\000x\000i\000.\000s\000y\000n\000t\000h\000.\000d\000i\000g\000i\000t\000a\000l\000\040\000m\000o\000d\000u\000l\000e}{paragraph*.4}% 52
\BOOKMARK [5][-]{subparagraph*.38}{\376\377\000j\000d\000x\000i\000\137\000e\000d\000i\000t\000o\000r\000.\000j\000d\000x\000i\000.\000s\000y\000n\000t\000h\000.\000d\000r\000u\000m\000\040\000m\000o\000d\000u\000l\000e}{paragraph*.4}% 53
\BOOKMARK [5][-]{subparagraph*.39}{\376\377\000j\000d\000x\000i\000\137\000e\000d\000i\000t\000o\000r\000.\000j\000d\000x\000i\000.\000s\000y\000n\000t\000h\000.\000f\000a\000c\000t\000o\000r\000y\000\040\000m\000o\000d\000u\000l\000e}{paragraph*.4}% 54
\BOOKMARK [5][-]{subparagraph*.40}{\376\377\000j\000d\000x\000i\000\137\000e\000d\000i\000t\000o\000r\000.\000j\000d\000x\000i\000.\000s\000y\000n\000t\000h\000.\000i\000n\000s\000t\000r\000u\000m\000e\000n\000t\000\137\000d\000i\000s\000p\000l\000a\000y\000\040\000m\000o\000d\000u\000l\000e}{paragraph*.4}% 55
\BOOKMARK [5][-]{subparagraph*.41}{\376\377\000j\000d\000x\000i\000\137\000e\000d\000i\000t\000o\000r\000.\000j\000d\000x\000i\000.\000s\000y\000n\000t\000h\000.\000m\000i\000d\000i\000\137\000c\000o\000n\000f\000i\000g\000\040\000m\000o\000d\000u\000l\000e}{paragraph*.4}% 56
\BOOKMARK [5][-]{subparagraph*.42}{\376\377\000j\000d\000x\000i\000\137\000e\000d\000i\000t\000o\000r\000.\000j\000d\000x\000i\000.\000s\000y\000n\000t\000h\000.\000t\000y\000p\000e\000\040\000m\000o\000d\000u\000l\000e}{paragraph*.4}% 57
\BOOKMARK [5][-]{subparagraph*.43}{\376\377\000M\000o\000d\000u\000l\000e\000\040\000c\000o\000n\000t\000e\000n\000t\000s}{paragraph*.4}% 58
\BOOKMARK [5][-]{subparagraph*.44}{\376\377\000j\000d\000x\000i\000\137\000e\000d\000i\000t\000o\000r\000.\000j\000d\000x\000i\000.\000s\000y\000s\000e\000x\000\040\000p\000a\000c\000k\000a\000g\000e}{paragraph*.4}% 59
\BOOKMARK [5][-]{subparagraph*.45}{\376\377\000S\000u\000b\000m\000o\000d\000u\000l\000e\000s}{paragraph*.4}% 60
\BOOKMARK [5][-]{subparagraph*.46}{\376\377\000j\000d\000x\000i\000\137\000e\000d\000i\000t\000o\000r\000.\000j\000d\000x\000i\000.\000s\000y\000s\000e\000x\000.\000b\000i\000t\000m\000a\000s\000k\000\040\000m\000o\000d\000u\000l\000e}{paragraph*.4}% 61
\BOOKMARK [5][-]{subparagraph*.47}{\376\377\000j\000d\000x\000i\000\137\000e\000d\000i\000t\000o\000r\000.\000j\000d\000x\000i\000.\000s\000y\000s\000e\000x\000.\000o\000f\000f\000s\000e\000t\000\040\000m\000o\000d\000u\000l\000e}{paragraph*.4}% 62
\BOOKMARK [5][-]{subparagraph*.48}{\376\377\000M\000o\000d\000u\000l\000e\000\040\000c\000o\000n\000t\000e\000n\000t\000s}{paragraph*.4}% 63
\BOOKMARK [4][-]{paragraph*.49}{\376\377\000M\000o\000d\000u\000l\000e\000\040\000c\000o\000n\000t\000e\000n\000t\000s}{subsubsection*.3}% 64
\BOOKMARK [3][-]{subsubsection*.50}{\376\377\000j\000d\000x\000i\000\137\000e\000d\000i\000t\000o\000r\000.\000l\000o\000g\000\040\000p\000a\000c\000k\000a\000g\000e}{subsection.15.1.1}% 65
\BOOKMARK [4][-]{paragraph*.51}{\376\377\000S\000u\000b\000m\000o\000d\000u\000l\000e\000s}{subsubsection*.50}% 66
\BOOKMARK [4][-]{paragraph*.52}{\376\377\000j\000d\000x\000i\000\137\000e\000d\000i\000t\000o\000r\000.\000l\000o\000g\000.\000a\000d\000s\000r\000\040\000m\000o\000d\000u\000l\000e}{subsubsection*.50}% 67
\BOOKMARK [4][-]{paragraph*.54}{\376\377\000j\000d\000x\000i\000\137\000e\000d\000i\000t\000o\000r\000.\000l\000o\000g\000.\000d\000e\000b\000u\000g\000\137\000i\000n\000f\000o\000\040\000m\000o\000d\000u\000l\000e}{subsubsection*.50}% 68
\BOOKMARK [4][-]{paragraph*.56}{\376\377\000j\000d\000x\000i\000\137\000e\000d\000i\000t\000o\000r\000.\000l\000o\000g\000.\000d\000e\000c\000o\000r\000a\000t\000o\000r\000\040\000m\000o\000d\000u\000l\000e}{subsubsection*.50}% 69
\BOOKMARK [4][-]{paragraph*.57}{\376\377\000j\000d\000x\000i\000\137\000e\000d\000i\000t\000o\000r\000.\000l\000o\000g\000.\000e\000m\000o\000j\000i\000\040\000m\000o\000d\000u\000l\000e}{subsubsection*.50}% 70
\BOOKMARK [4][-]{paragraph*.58}{\376\377\000j\000d\000x\000i\000\137\000e\000d\000i\000t\000o\000r\000.\000l\000o\000g\000.\000e\000r\000r\000o\000r\000\040\000m\000o\000d\000u\000l\000e}{subsubsection*.50}% 71
\BOOKMARK [4][-]{paragraph*.59}{\376\377\000j\000d\000x\000i\000\137\000e\000d\000i\000t\000o\000r\000.\000l\000o\000g\000.\000f\000o\000o\000t\000e\000r\000\040\000m\000o\000d\000u\000l\000e}{subsubsection*.50}% 72
\BOOKMARK [4][-]{paragraph*.60}{\376\377\000j\000d\000x\000i\000\137\000e\000d\000i\000t\000o\000r\000.\000l\000o\000g\000.\000h\000e\000a\000d\000e\000r\000\040\000m\000o\000d\000u\000l\000e}{subsubsection*.50}% 73
\BOOKMARK [4][-]{paragraph*.61}{\376\377\000j\000d\000x\000i\000\137\000e\000d\000i\000t\000o\000r\000.\000l\000o\000g\000.\000j\000s\000o\000n\000\040\000m\000o\000d\000u\000l\000e}{subsubsection*.50}% 74
\BOOKMARK [4][-]{paragraph*.62}{\376\377\000j\000d\000x\000i\000\137\000e\000d\000i\000t\000o\000r\000.\000l\000o\000g\000.\000l\000o\000g\000g\000e\000r\000\040\000m\000o\000d\000u\000l\000e}{subsubsection*.50}% 75
\BOOKMARK [4][-]{paragraph*.63}{\376\377\000j\000d\000x\000i\000\137\000e\000d\000i\000t\000o\000r\000.\000l\000o\000g\000.\000m\000e\000s\000s\000a\000g\000e\000\040\000m\000o\000d\000u\000l\000e}{subsubsection*.50}% 76
\BOOKMARK [4][-]{paragraph*.65}{\376\377\000j\000d\000x\000i\000\137\000e\000d\000i\000t\000o\000r\000.\000l\000o\000g\000.\000m\000i\000d\000i\000\137\000i\000n\000f\000o\000\040\000m\000o\000d\000u\000l\000e}{subsubsection*.50}% 77
\BOOKMARK [4][-]{paragraph*.67}{\376\377\000j\000d\000x\000i\000\137\000e\000d\000i\000t\000o\000r\000.\000l\000o\000g\000.\000p\000a\000r\000a\000m\000e\000t\000e\000r\000\040\000m\000o\000d\000u\000l\000e}{subsubsection*.50}% 78
\BOOKMARK [4][-]{paragraph*.69}{\376\377\000j\000d\000x\000i\000\137\000e\000d\000i\000t\000o\000r\000.\000l\000o\000g\000.\000s\000e\000t\000u\000p\000\040\000m\000o\000d\000u\000l\000e}{subsubsection*.50}% 79
\BOOKMARK [4][-]{paragraph*.70}{\376\377\000j\000d\000x\000i\000\137\000e\000d\000i\000t\000o\000r\000.\000l\000o\000g\000.\000s\000l\000i\000d\000e\000r\000\137\000p\000a\000r\000a\000m\000e\000t\000e\000r\000\040\000m\000o\000d\000u\000l\000e}{subsubsection*.50}% 80
\BOOKMARK [4][-]{paragraph*.72}{\376\377\000M\000o\000d\000u\000l\000e\000\040\000c\000o\000n\000t\000e\000n\000t\000s}{subsubsection*.50}% 81
\BOOKMARK [3][-]{subsubsection*.73}{\376\377\000j\000d\000x\000i\000\137\000e\000d\000i\000t\000o\000r\000.\000m\000i\000d\000i\000\040\000p\000a\000c\000k\000a\000g\000e}{subsection.15.1.1}% 82
\BOOKMARK [4][-]{paragraph*.74}{\376\377\000S\000u\000b\000p\000a\000c\000k\000a\000g\000e\000s}{subsubsection*.73}% 83
\BOOKMARK [5][-]{subparagraph*.75}{\376\377\000j\000d\000x\000i\000\137\000e\000d\000i\000t\000o\000r\000.\000m\000i\000d\000i\000.\000c\000h\000a\000n\000n\000e\000l\000\040\000p\000a\000c\000k\000a\000g\000e}{paragraph*.74}% 84
\BOOKMARK [5][-]{subparagraph*.76}{\376\377\000S\000u\000b\000m\000o\000d\000u\000l\000e\000s}{paragraph*.74}% 85
\BOOKMARK [5][-]{subparagraph*.77}{\376\377\000j\000d\000x\000i\000\137\000e\000d\000i\000t\000o\000r\000.\000m\000i\000d\000i\000.\000c\000h\000a\000n\000n\000e\000l\000.\000c\000h\000a\000n\000n\000e\000l\000\040\000m\000o\000d\000u\000l\000e}{paragraph*.74}% 86
\BOOKMARK [5][-]{subparagraph*.87}{\376\377\000M\000o\000d\000u\000l\000e\000\040\000c\000o\000n\000t\000e\000n\000t\000s}{paragraph*.74}% 87
\BOOKMARK [5][-]{subparagraph*.88}{\376\377\000j\000d\000x\000i\000\137\000e\000d\000i\000t\000o\000r\000.\000m\000i\000d\000i\000.\000d\000a\000t\000a\000\040\000p\000a\000c\000k\000a\000g\000e}{paragraph*.74}% 88
\BOOKMARK [5][-]{subparagraph*.89}{\376\377\000S\000u\000b\000p\000a\000c\000k\000a\000g\000e\000s}{paragraph*.74}% 89
\BOOKMARK [5][-]{subparagraph*.90}{\376\377\000j\000d\000x\000i\000\137\000e\000d\000i\000t\000o\000r\000.\000m\000i\000d\000i\000.\000d\000a\000t\000a\000.\000a\000d\000d\000r\000e\000s\000s\000\040\000p\000a\000c\000k\000a\000g\000e}{paragraph*.74}% 90
\BOOKMARK [5][-]{subparagraph*.91}{\376\377\000S\000u\000b\000m\000o\000d\000u\000l\000e\000s}{paragraph*.74}% 91
\BOOKMARK [5][-]{subparagraph*.92}{\376\377\000j\000d\000x\000i\000\137\000e\000d\000i\000t\000o\000r\000.\000m\000i\000d\000i\000.\000d\000a\000t\000a\000.\000a\000d\000d\000r\000e\000s\000s\000.\000a\000d\000d\000r\000e\000s\000s\000\040\000m\000o\000d\000u\000l\000e}{paragraph*.74}% 92
\BOOKMARK [5][-]{subparagraph*.93}{\376\377\000E\000x\000a\000m\000p\000l\000e\000\040\000U\000s\000a\000g\000e\000:}{paragraph*.74}% 93
\BOOKMARK [5][-]{subparagraph*.94}{\376\377\000E\000x\000a\000m\000p\000l\000e\000\040\000u\000s\000a\000g\000e\000:}{paragraph*.74}% 94
\BOOKMARK [5][-]{subparagraph*.261}{\376\377\000j\000d\000x\000i\000\137\000e\000d\000i\000t\000o\000r\000.\000m\000i\000d\000i\000.\000d\000a\000t\000a\000.\000a\000d\000d\000r\000e\000s\000s\000.\000a\000d\000d\000r\000e\000s\000s\000\137\000m\000a\000p\000\040\000m\000o\000d\000u\000l\000e}{paragraph*.74}% 95
\BOOKMARK [5][-]{subparagraph*.262}{\376\377\0005\000.\000\040\000P\000a\000r\000a\000m\000e\000t\000e\000r\000\040\000A\000d\000d\000r\000e\000s\000s\000\040\000M\000a\000p}{paragraph*.74}% 96
\BOOKMARK [5][-]{subparagraph*.263}{\376\377\000j\000d\000x\000i\000\137\000e\000d\000i\000t\000o\000r\000.\000m\000i\000d\000i\000.\000d\000a\000t\000a\000.\000a\000d\000d\000r\000e\000s\000s\000.\000a\000r\000p\000e\000g\000g\000i\000o\000\040\000m\000o\000d\000u\000l\000e}{paragraph*.74}% 97
\BOOKMARK [5][-]{subparagraph*.268}{\376\377\000j\000d\000x\000i\000\137\000e\000d\000i\000t\000o\000r\000.\000m\000i\000d\000i\000.\000d\000a\000t\000a\000.\000a\000d\000d\000r\000e\000s\000s\000.\000h\000e\000l\000p\000e\000r\000s\000\040\000m\000o\000d\000u\000l\000e}{paragraph*.74}% 98
\BOOKMARK [5][-]{subparagraph*.273}{\376\377\000j\000d\000x\000i\000\137\000e\000d\000i\000t\000o\000r\000.\000m\000i\000d\000i\000.\000d\000a\000t\000a\000.\000a\000d\000d\000r\000e\000s\000s\000.\000j\000d\000x\000i\000\137\000a\000d\000d\000r\000e\000s\000s\000e\000s\000\040\000m\000o\000d\000u\000l\000e}{paragraph*.74}% 99
