\BOOKMARK [0][-]{chapter.1}{\376\377\000I\000n\000t\000r\000o\000d\000u\000c\000t\000i\000o\000n}{}% 1
\BOOKMARK [0][-]{chapter.2}{\376\377\000W\000h\000a\000t\000\040\000i\000s\000\040\000J\000D\000X\000I\000-\000E\000d\000i\000t\000o\000r\000?}{}% 2
\BOOKMARK [0][-]{chapter.3}{\376\377\000K\000e\000y\000\040\000F\000e\000a\000t\000u\000r\000e\000s\000\040\000\046\000\040\000C\000a\000p\000a\000b\000i\000l\000i\000t\000i\000e\000s}{}% 3
\BOOKMARK [0][-]{chapter.4}{\376\377\000A\000r\000c\000h\000i\000t\000e\000c\000t\000u\000r\000e\000\040\000\046\000\040\000T\000e\000c\000h\000n\000o\000l\000o\000g\000y}{}% 4
\BOOKMARK [0][-]{chapter.5}{\376\377\000W\000h\000y\000\040\000U\000s\000e\000\040\000J\000D\000X\000I\000-\000E\000d\000i\000t\000o\000r\000?}{}% 5
\BOOKMARK [0][-]{chapter.6}{\376\377\000G\000e\000t\000t\000i\000n\000g\000\040\000S\000t\000a\000r\000t\000e\000d}{}% 6
\BOOKMARK [0][-]{chapter.7}{\376\377\000I\000n\000s\000t\000a\000l\000l\000a\000t\000i\000o\000n}{}% 7
\BOOKMARK [0][-]{chapter.8}{\376\377\000S\000y\000s\000t\000e\000m\000\040\000R\000e\000q\000u\000i\000r\000e\000m\000e\000n\000t\000s}{}% 8
\BOOKMARK [0][-]{chapter.9}{\376\377\000I\000n\000s\000t\000a\000l\000l\000a\000t\000i\000o\000n\000\040\000M\000e\000t\000h\000o\000d\000s}{}% 9
\BOOKMARK [0][-]{chapter.10}{\376\377\000M\000e\000t\000h\000o\000d\000\040\0001\000:\000\040\000P\000r\000e\000-\000B\000u\000i\000l\000t\000\040\000P\000a\000c\000k\000a\000g\000e\000s\000\040\000\050\000R\000e\000c\000o\000m\000m\000e\000n\000d\000e\000d\000\051}{}% 10
\BOOKMARK [0][-]{chapter.11}{\376\377\000M\000e\000t\000h\000o\000d\000\040\0002\000:\000\040\000P\000y\000t\000h\000o\000n\000\040\000P\000a\000c\000k\000a\000g\000e\000\040\000I\000n\000s\000t\000a\000l\000l\000a\000t\000i\000o\000n}{}% 11
\BOOKMARK [0][-]{chapter.12}{\376\377\000M\000e\000t\000h\000o\000d\000\040\0003\000:\000\040\000S\000o\000u\000r\000c\000e\000\040\000C\000o\000d\000e\000\040\000I\000n\000s\000t\000a\000l\000l\000a\000t\000i\000o\000n}{}% 12
\BOOKMARK [0][-]{chapter.13}{\376\377\000M\000e\000t\000h\000o\000d\000\040\0004\000:\000\040\000D\000e\000v\000e\000l\000o\000p\000m\000e\000n\000t\000\040\000S\000e\000t\000u\000p}{}% 13
\BOOKMARK [0][-]{chapter.14}{\376\377\000P\000o\000s\000t\000-\000I\000n\000s\000t\000a\000l\000l\000a\000t\000i\000o\000n\000\040\000S\000e\000t\000u\000p}{}% 14
\BOOKMARK [0][-]{chapter.15}{\376\377\000T\000r\000o\000u\000b\000l\000e\000s\000h\000o\000o\000t\000i\000n\000g}{}% 15
\BOOKMARK [0][-]{chapter.16}{\376\377\000G\000e\000t\000t\000i\000n\000g\000\040\000H\000e\000l\000p}{}% 16
\BOOKMARK [0][-]{chapter.17}{\376\377\000Q\000u\000i\000c\000k\000\040\000S\000t\000a\000r\000t\000\040\000G\000u\000i\000d\000e}{}% 17
\BOOKMARK [0][-]{chapter.18}{\376\377\000W\000h\000a\000t\000\040\000Y\000o\000u\040\031\000l\000l\000\040\000L\000e\000a\000r\000n}{}% 18
\BOOKMARK [0][-]{chapter.19}{\376\377\000P\000r\000e\000r\000e\000q\000u\000i\000s\000i\000t\000e\000s}{}% 19
\BOOKMARK [0][-]{chapter.20}{\376\377\000H\000a\000r\000d\000w\000a\000r\000e\000\040\000S\000e\000t\000u\000p}{}% 20
\BOOKMARK [0][-]{chapter.21}{\376\377\000S\000o\000f\000t\000w\000a\000r\000e\000\040\000L\000a\000u\000n\000c\000h}{}% 21
\BOOKMARK [0][-]{chapter.22}{\376\377\000I\000n\000t\000e\000r\000f\000a\000c\000e\000\040\000O\000v\000e\000r\000v\000i\000e\000w}{}% 22
\BOOKMARK [0][-]{chapter.23}{\376\377\000Y\000o\000u\000r\000\040\000F\000i\000r\000s\000t\000\040\000S\000o\000u\000n\000d\000\040\000C\000r\000e\000a\000t\000i\000o\000n}{}% 23
\BOOKMARK [0][-]{chapter.24}{\376\377\000E\000s\000s\000e\000n\000t\000i\000a\000l\000\040\000W\000o\000r\000k\000f\000l\000o\000w\000s}{}% 24
\BOOKMARK [0][-]{chapter.25}{\376\377\000Q\000u\000i\000c\000k\000\040\000T\000i\000p\000s\000\040\000f\000o\000r\000\040\000S\000u\000c\000c\000e\000s\000s}{}% 25
\BOOKMARK [0][-]{chapter.26}{\376\377\000C\000o\000m\000m\000o\000n\000\040\000I\000s\000s\000u\000e\000s\000\040\000a\000n\000d\000\040\000S\000o\000l\000u\000t\000i\000o\000n\000s}{}% 26
\BOOKMARK [0][-]{chapter.27}{\376\377\000N\000e\000x\000t\000\040\000S\000t\000e\000p\000s}{}% 27
\BOOKMARK [0][-]{chapter.28}{\376\377\000J\000D\000X\000i\000\040\000I\000n\000s\000t\000r\000u\000m\000e\000n\000t\000\040\000W\000i\000n\000d\000o\000w}{}% 28
\BOOKMARK [0][-]{chapter.29}{\376\377\000W\000h\000a\000t\000\040\000i\000s\000\040\000t\000h\000e\000\040\000J\000D\000X\000i\000\040\000I\000n\000s\000t\000r\000u\000m\000e\000n\000t\000\040\000W\000i\000n\000d\000o\000w\000?}{}% 29
\BOOKMARK [0][-]{chapter.30}{\376\377\000C\000o\000r\000e\000\040\000A\000r\000c\000h\000i\000t\000e\000c\000t\000u\000r\000e\000\040\000\046\000\040\000C\000o\000m\000p\000o\000n\000e\000n\000t\000s}{}% 30
\BOOKMARK [0][-]{chapter.31}{\376\377\000K\000e\000y\000\040\000F\000e\000a\000t\000u\000r\000e\000s\000\040\000\046\000\040\000C\000a\000p\000a\000b\000i\000l\000i\000t\000i\000e\000s}{}% 31
\BOOKMARK [0][-]{chapter.32}{\376\377\000U\000s\000e\000r\000\040\000I\000n\000t\000e\000r\000f\000a\000c\000e\000\040\000C\000o\000m\000p\000o\000n\000e\000n\000t\000s}{}% 32
\BOOKMARK [0][-]{chapter.33}{\376\377\000W\000o\000r\000k\000f\000l\000o\000w\000\040\000I\000n\000t\000e\000g\000r\000a\000t\000i\000o\000n}{}% 33
\BOOKMARK [0][-]{chapter.34}{\376\377\000T\000e\000c\000h\000n\000i\000c\000a\000l\000\040\000S\000p\000e\000c\000i\000f\000i\000c\000a\000t\000i\000o\000n\000s}{}% 34
\BOOKMARK [0][-]{chapter.35}{\376\377\000G\000e\000t\000t\000i\000n\000g\000\040\000S\000t\000a\000r\000t\000e\000d\000\040\000w\000i\000t\000h\000\040\000t\000h\000e\000\040\000I\000n\000s\000t\000r\000u\000m\000e\000n\000t\000\040\000W\000i\000n\000d\000o\000w}{}% 35
\BOOKMARK [0][-]{chapter.36}{\376\377\000E\000d\000i\000t\000o\000r\000\040\000W\000i\000n\000d\000o\000w\000s}{}% 36
\BOOKMARK [0][-]{chapter.37}{\376\377\000W\000h\000a\000t\000\040\000a\000r\000e\000\040\000t\000h\000e\000\040\000E\000d\000i\000t\000o\000r\000\040\000W\000i\000n\000d\000o\000w\000s\000?}{}% 37
\BOOKMARK [0][-]{chapter.38}{\376\377\000C\000o\000r\000e\000\040\000A\000r\000c\000h\000i\000t\000e\000c\000t\000u\000r\000e\000\040\000\046\000\040\000D\000e\000s\000i\000g\000n}{}% 38
\BOOKMARK [0][-]{chapter.39}{\376\377\000A\000v\000a\000i\000l\000a\000b\000l\000e\000\040\000E\000d\000i\000t\000o\000r\000s}{}% 39
\BOOKMARK [0][-]{chapter.40}{\376\377\000G\000e\000t\000t\000i\000n\000g\000\040\000S\000t\000a\000r\000t\000e\000d\000\040\000w\000i\000t\000h\000\040\000E\000d\000i\000t\000o\000r\000\040\000W\000i\000n\000d\000o\000w\000s}{}% 40
\BOOKMARK [0][-]{chapter.41}{\376\377\000D\000i\000g\000i\000t\000a\000l\000\040\000S\000y\000n\000t\000h\000\040\000E\000d\000i\000t\000o\000r\000s\000\040\000\050\000P\000a\000r\000t\000s\000\040\0001\000\040\000\046\000\040\0002\000\051}{}% 41
\BOOKMARK [0][-]{chapter.42}{\376\377\000W\000h\000a\000t\000\040\000a\000r\000e\000\040\000t\000h\000e\000\040\000D\000i\000g\000i\000t\000a\000l\000\040\000S\000y\000n\000t\000h\000\040\000E\000d\000i\000t\000o\000r\000s\000?}{}% 42
\BOOKMARK [0][-]{chapter.43}{\376\377\000C\000o\000r\000e\000\040\000A\000r\000c\000h\000i\000t\000e\000c\000t\000u\000r\000e\000\040\000\046\000\040\000D\000e\000s\000i\000g\000n}{}% 43
\BOOKMARK [0][-]{chapter.44}{\376\377\000D\000i\000g\000i\000t\000a\000l\000\040\000S\000y\000n\000t\000h\000\040\000E\000d\000i\000t\000o\000r\000\040\000F\000e\000a\000t\000u\000r\000e\000s}{}% 44
\BOOKMARK [0][-]{chapter.45}{\376\377\000P\000a\000r\000t\000i\000a\000l\000\040\000M\000a\000n\000a\000g\000e\000m\000e\000n\000t\000\040\000S\000y\000s\000t\000e\000m}{}% 45
\BOOKMARK [0][-]{chapter.46}{\376\377\000P\000e\000r\000f\000o\000r\000m\000a\000n\000c\000e\000\040\000F\000e\000a\000t\000u\000r\000e\000s}{}% 46
\BOOKMARK [0][-]{chapter.47}{\376\377\000V\000i\000s\000u\000a\000l\000\040\000F\000e\000e\000d\000b\000a\000c\000k\000\040\000\046\000\040\000M\000o\000n\000i\000t\000o\000r\000i\000n\000g}{}% 47
\BOOKMARK [0][-]{chapter.48}{\376\377\000G\000e\000t\000t\000i\000n\000g\000\040\000S\000t\000a\000r\000t\000e\000d\000\040\000w\000i\000t\000h\000\040\000D\000i\000g\000i\000t\000a\000l\000\040\000S\000y\000n\000t\000h\000\040\000E\000d\000i\000t\000o\000r\000s}{}% 48
\BOOKMARK [0][-]{chapter.49}{\376\377\000A\000n\000a\000l\000o\000g\000\040\000S\000y\000n\000t\000h\000\040\000E\000d\000i\000t\000o\000r}{}% 49
\BOOKMARK [0][-]{chapter.50}{\376\377\000W\000h\000a\000t\000\040\000i\000s\000\040\000t\000h\000e\000\040\000A\000n\000a\000l\000o\000g\000\040\000S\000y\000n\000t\000h\000\040\000E\000d\000i\000t\000o\000r\000?}{}% 50
\BOOKMARK [0][-]{chapter.51}{\376\377\000C\000o\000r\000e\000\040\000A\000r\000c\000h\000i\000t\000e\000c\000t\000u\000r\000e\000\040\000\046\000\040\000D\000e\000s\000i\000g\000n}{}% 51
\BOOKMARK [0][-]{chapter.52}{\376\377\000A\000n\000a\000l\000o\000g\000\040\000S\000y\000n\000t\000h\000\040\000E\000d\000i\000t\000o\000r\000\040\000F\000e\000a\000t\000u\000r\000e\000s}{}% 52
\BOOKMARK [0][-]{chapter.53}{\376\377\000A\000n\000a\000l\000o\000g\000\040\000S\000y\000n\000t\000h\000e\000s\000i\000s\000\040\000C\000h\000a\000r\000a\000c\000t\000e\000r\000i\000s\000t\000i\000c\000s}{}% 53
\BOOKMARK [0][-]{chapter.54}{\376\377\000A\000d\000v\000a\000n\000c\000e\000d\000\040\000F\000e\000a\000t\000u\000r\000e\000s}{}% 54
\BOOKMARK [0][-]{chapter.55}{\376\377\000P\000e\000r\000f\000o\000r\000m\000a\000n\000c\000e\000\040\000F\000e\000a\000t\000u\000r\000e\000s}{}% 55
\BOOKMARK [0][-]{chapter.56}{\376\377\000G\000e\000t\000t\000i\000n\000g\000\040\000S\000t\000a\000r\000t\000e\000d\000\040\000w\000i\000t\000h\000\040\000A\000n\000a\000l\000o\000g\000\040\000S\000y\000n\000t\000h\000\040\000E\000d\000i\000t\000o\000r}{}% 56
\BOOKMARK [0][-]{chapter.57}{\376\377\000D\000r\000u\000m\000\040\000K\000i\000t\000\040\000E\000d\000i\000t\000o\000r}{}% 57
\BOOKMARK [0][-]{chapter.58}{\376\377\000W\000h\000a\000t\000\040\000i\000s\000\040\000t\000h\000e\000\040\000D\000r\000u\000m\000\040\000K\000i\000t\000\040\000E\000d\000i\000t\000o\000r\000?}{}% 58
